<!DOCTYPE html PUBLIC "-//W3C//DTD XHTML 1.1//EN" "http://www.w3.org/TR/xhtml11/DTD/xhtml11.dtd">
<html xmlns="http://www.w3.org/1999/xhtml">
<head>
<meta http-equiv="content-type" content="text/html; charset=UTF-8"/>
<title>TestNG Report</title>
<style type="text/css">table {margin-bottom:10px;border-collapse:collapse;empty-cells:show}th,td {border:1px solid #009;padding:.25em .5em}th {vertical-align:bottom}td {vertical-align:top}table a {font-weight:bold}.stripe td {background-color: #E6EBF9}.num {text-align:right}.passedodd td {background-color: #3F3}.passedeven td {background-color: #0A0}.skippedodd td {background-color: #DDD}.skippedeven td {background-color: #CCC}.failedodd td,.attn {background-color: #F33}.failedeven td,.stripe .attn {background-color: #D00}.stacktrace {white-space:pre;font-family:monospace}.totop {font-size:85%;text-align:center;border-bottom:2px solid #000}.invisible {display:none}</style>
</head>
<body>
<table>
<tr><th>Test</th><th># Passed</th><th># Skipped</th><th># Retried</th><th># Failed</th><th>Time (ms)</th><th>Included Groups</th><th>Excluded Groups</th></tr>
<tr><th colspan="8">EmiCarLoan</th></tr>
<tr><td><a href="#t0">CaseStudy</a></td><td class="num">2</td><td class="num">0</td><td class="num">0</td><td class="num">0</td><td class="num">28,541</td><td></td><td></td></tr>
<tr class="stripe"><td><a href="#t1">HomeLoanPage</a></td><td class="num">1</td><td class="num">0</td><td class="num">0</td><td class="num">0</td><td class="num">7,518</td><td></td><td></td></tr>
<tr><td><a href="#t2">CarLoanPage</a></td><td class="num">0</td><td class="num">0</td><td class="num">0</td><td class="num attn">1</td><td class="num">11,673</td><td></td><td></td></tr>
<tr class="stripe"><td><a href="#t3">FormField</a></td><td class="num">8</td><td class="num">0</td><td class="num">0</td><td class="num attn">10</td><td class="num">265,704</td><td></td><td></td></tr>
<tr><th>Total</th><th class="num">11</th><th class="num">0</th><th class="num">0</th><th class="num attn">11</th><th class="num">313,436</th><th colspan="2"></th></tr>
</table>
<table id='summary'><thead><tr><th>Class</th><th>Method</th><th>Start</th><th>Time (ms)</th></tr></thead><tbody><tr><th colspan="4">EmiCarLoan</th></tr></tbody><tbody id="t0"><tr><th colspan="4">CaseStudy &#8212; passed</th></tr><tr class="passedeven"><td rowspan="2">com.cdchackathon.testcase.casestudy.CaseStudy</td><td><a href="#m0">clickLoanPage</a></td><td rowspan="1">1594098845643</td><td rowspan="1">3756</td></tr><tr class="passedeven"><td><a href="#m1">getTitle</a></td><td rowspan="1">1594098832980</td><td rowspan="1">156</td></tr></tbody>
<tbody id="t1"><tr><th colspan="4">HomeLoanPage &#8212; passed</th></tr><tr class="passedeven"><td rowspan="1">com.cdchackathon.testcase.webpage.HomeLoanPageTest</td><td><a href="#m2">getTitle</a></td><td rowspan="1">1594098857633</td><td rowspan="1">170</td></tr></tbody>
<tbody id="t2"><tr><th colspan="4">CarLoanPage &#8212; failed</th></tr><tr class="failedeven"><td rowspan="1">com.cdchackathon.testcase.webpage.CarLoanPageTest</td><td><a href="#m3">clickLoanPage</a></td><td rowspan="1">1594098867287</td><td rowspan="1">3398</td></tr></tbody>
<tbody id="t3"><tr><th colspan="4">FormField &#8212; failed</th></tr><tr class="failedeven"><td rowspan="10">com.cdchackathon.testcase.formfields.FormFieldTest</td><td><a href="#m4">clickLoanPage</a></td><td rowspan="10">1594098910871</td><td rowspan="10">4495</td></tr><tr class="failedeven"><td><a href="#m5">clickLoanPage</a></td></tr><tr class="failedeven"><td><a href="#m6">clickLoanPage</a></td></tr><tr class="failedeven"><td><a href="#m7">clickLoanPage</a></td></tr><tr class="failedeven"><td><a href="#m8">clickLoanPage</a></td></tr><tr class="failedeven"><td><a href="#m9">clickLoanPage</a></td></tr><tr class="failedeven"><td><a href="#m10">clickLoanPage</a></td></tr><tr class="failedeven"><td><a href="#m11">clickLoanPage</a></td></tr><tr class="failedeven"><td><a href="#m12">clickLoanPage</a></td></tr><tr class="failedeven"><td><a href="#m13">clickLoanPage</a></td></tr><tr><th colspan="4">FormField &#8212; passed</th></tr><tr class="passedeven"><td rowspan="8">com.cdchackathon.testcase.formfields.FormFieldTest</td><td><a href="#m14">clickLoanPage</a></td><td rowspan="8">1594099027849</td><td rowspan="8">3743</td></tr><tr class="passedeven"><td><a href="#m15">clickLoanPage</a></td></tr><tr class="passedeven"><td><a href="#m16">clickLoanPage</a></td></tr><tr class="passedeven"><td><a href="#m17">clickLoanPage</a></td></tr><tr class="passedeven"><td><a href="#m18">clickLoanPage</a></td></tr><tr class="passedeven"><td><a href="#m19">clickLoanPage</a></td></tr><tr class="passedeven"><td><a href="#m20">clickLoanPage</a></td></tr><tr class="passedeven"><td><a href="#m21">clickLoanPage</a></td></tr></tbody>
</table>
<h2>CaseStudy</h2><h3 id="m0">com.cdchackathon.testcase.casestudy.CaseStudy#clickLoanPage</h3><table class="result"><tr class="param"><th>Parameter #1</th><th>Parameter #2</th><th>Parameter #3</th><th>Parameter #4</th></tr><tr class="param stripe"><td>1500000</td><td>9.5</td><td>1</td><td>131525</td></tr></table><p class="totop"><a href="#summary">back to summary</a></p>
<h3 id="m1">com.cdchackathon.testcase.casestudy.CaseStudy#getTitle</h3><table class="result"><tr><th class="invisible"/></tr></table><p class="totop"><a href="#summary">back to summary</a></p>
<h2>HomeLoanPage</h2><h3 id="m2">com.cdchackathon.testcase.webpage.HomeLoanPageTest#getTitle</h3><table class="result"><tr><th class="invisible"/></tr></table><p class="totop"><a href="#summary">back to summary</a></p>
<h2>CarLoanPage</h2><h3 id="m3">com.cdchackathon.testcase.webpage.CarLoanPageTest#clickLoanPage</h3><table class="result"><tr class="param"><th>Parameter #1</th><th>Parameter #2</th><th>Parameter #3</th><th>Parameter #4</th></tr><tr class="param stripe"><td>1500000</td><td>9.5</td><td>1</td><td>131525</td></tr><tr><th colspan="4">Exception</th></tr><tr><td colspan="4"><div class="stacktrace">java.lang.AssertionError: expected [131525] but found [438418]
	at com.cdchackathon.pages.CarLoan.getEmi(CarLoan.java:64)
	at com.cdchackathon.testcase.webpage.CarLoanPageTest.clickLoanPage(CarLoanPageTest.java:39)
	at java.base/java.util.ArrayList.forEach(ArrayList.java:1540)
... Removed 32 stack frames</div></td></tr></table><p class="totop"><a href="#summary">back to summary</a></p>
<h2>FormField</h2><h3 id="m4">com.cdchackathon.testcase.formfields.FormFieldTest#clickLoanPage</h3><table class="result"><tr class="param"><th>Parameter #1</th><th>Parameter #2</th><th>Parameter #3</th><th>Parameter #4</th></tr><tr class="param stripe"><td>Sdfkjdshfkj#@$@#$@#$&quot;}::{}}{@#$@#$?!@!@#!@#!@#!@3!@#!#$#$}}{:&quot;&quot;4}{{}&quot;&quot;5}@#$#@$@#}&quot;&quot;&quot;</td><td>9.5</td><td>1</td><td>30</td></tr><tr><th colspan="4">Exception</th></tr><tr><td colspan="4"><div class="stacktrace">java.lang.AssertionError: expected [30] but found [43841786]
	at com.cdchackathon.pages.CarLoan.getEmi(CarLoan.java:64)
	at com.cdchackathon.testcase.formfields.FormFieldTest.clickLoanPage(FormFieldTest.java:39)
	at java.base/java.util.ArrayList.forEach(ArrayList.java:1540)
... Removed 32 stack frames</div></td></tr></table><p class="totop"><a href="#summary">back to summary</a></p>
<h3 id="m5">com.cdchackathon.testcase.formfields.FormFieldTest#clickLoanPage</h3><table class="result"><tr class="param"><th>Parameter #1</th><th>Parameter #2</th><th>Parameter #3</th><th>Parameter #4</th></tr><tr class="param stripe"><td>1500000</td><td>9.5</td><td>150000000000000000000000000000000000000000000000000000000000000000000000000000000000000000000000000000000000000000000000000000000000000000000000000000000000000000000000000000000000000000000000000000000000000000000000000000000000000000000000000000000000000000000000000000000000000000000000000000000000000000000000000000000000000000000000000000000000000000000000000000000000000000000000000000000000000000000000000000000000000000000000000000000000000000000000000000000000000000000000000000000000000000000000000000000000000000000000000000000000000000000000000000000000000000000000000000000000000000000000000000000000000000000000000000000000000000000000000000000000000000000000000000000000000000000000000000000000000000000000000000000000000000000000000000000000000000000000000000000000000000000000000000000000000000000000000000000000000000000000000000000000000000000000000000000000000000000000000000000000000000000000000000000000000000000000000000000000000000000000000000000000000000000000000000000000000000000000000000000000000000000000000000000000000000000000000000000000000000000000000000000000000000000000000000000000000000000000000000000000000000000000000000000000000000000000000000000000000000000000000000000000000000000000000000000000000000000000000000000000000000000000000000000000000000000000000000000000000000000000000000000000000000000000000000000000000000000000000000000000000000000000000000000000000000000000000000000000000000000000000000000000000000000000000000000000000000000000000000000000000000000000000000000000000000000000000000000000000000000000000000000000000000000000000000000000000000000000000000000000000000000000000000000000000000000000000000000000000000000000000000000000000000000000000000000000000000000000000000000000000000000000000000000000000000000000000000000000000000</td><td>131525</td></tr><tr><th colspan="4">Exception</th></tr><tr><td colspan="4"><div class="stacktrace">java.lang.AssertionError: expected [131525] but found [43750]
	at com.cdchackathon.pages.CarLoan.getEmi(CarLoan.java:64)
	at com.cdchackathon.testcase.formfields.FormFieldTest.clickLoanPage(FormFieldTest.java:39)
	at java.base/java.util.ArrayList.forEach(ArrayList.java:1540)
... Removed 31 stack frames</div></td></tr></table><p class="totop"><a href="#summary">back to summary</a></p>
<h3 id="m6">com.cdchackathon.testcase.formfields.FormFieldTest#clickLoanPage</h3><table class="result"><tr class="param"><th>Parameter #1</th><th>Parameter #2</th><th>Parameter #3</th><th>Parameter #4</th></tr><tr class="param stripe"><td>1500000</td><td>9.5</td><td>Infinity</td><td>131525</td></tr><tr><th colspan="4">Exception</th></tr><tr><td colspan="4"><div class="stacktrace">java.lang.AssertionError: expected [131525] but found [43841756]
	at com.cdchackathon.pages.CarLoan.getEmi(CarLoan.java:64)
	at com.cdchackathon.testcase.formfields.FormFieldTest.clickLoanPage(FormFieldTest.java:39)
	at java.base/java.util.ArrayList.forEach(ArrayList.java:1540)
... Removed 31 stack frames</div></td></tr></table><p class="totop"><a href="#summary">back to summary</a></p>
<h3 id="m7">com.cdchackathon.testcase.formfields.FormFieldTest#clickLoanPage</h3><table class="result"><tr class="param"><th>Parameter #1</th><th>Parameter #2</th><th>Parameter #3</th><th>Parameter #4</th></tr><tr class="param stripe"><td>1500000</td><td>9.5</td><td>dfkhsdkjfh dsfu3hsdkjfhsdlhfkerhherkth1erkht</td><td>12542</td></tr><tr><th colspan="4">Exception</th></tr><tr><td colspan="4"><div class="stacktrace">java.lang.AssertionError: expected [12542] but found [4384175720225]
	at com.cdchackathon.pages.CarLoan.getEmi(CarLoan.java:64)
	at com.cdchackathon.testcase.formfields.FormFieldTest.clickLoanPage(FormFieldTest.java:39)
	at java.base/java.util.ArrayList.forEach(ArrayList.java:1540)
... Removed 32 stack frames</div></td></tr></table><p class="totop"><a href="#summary">back to summary</a></p>
<h3 id="m8">com.cdchackathon.testcase.formfields.FormFieldTest#clickLoanPage</h3><table class="result"><tr class="param"><th>Parameter #1</th><th>Parameter #2</th><th>Parameter #3</th><th>Parameter #4</th></tr><tr class="param stripe"><td>{{:F&quot;FG::&quot;}}&quot;::@#%@#}??&quot;:&quot;}&quot;&quot;&quot;&quot;}@#@#$@#</td><td>9.5</td><td>1</td><td>0</td></tr><tr><th colspan="4">Exception</th></tr><tr><td colspan="4"><div class="stacktrace">java.lang.AssertionError: expected [0] but found [438418]
	at com.cdchackathon.pages.CarLoan.getEmi(CarLoan.java:64)
	at com.cdchackathon.testcase.formfields.FormFieldTest.clickLoanPage(FormFieldTest.java:39)
	at java.base/java.util.ArrayList.forEach(ArrayList.java:1540)
... Removed 32 stack frames</div></td></tr></table><p class="totop"><a href="#summary">back to summary</a></p>
<h3 id="m9">com.cdchackathon.testcase.formfields.FormFieldTest#clickLoanPage</h3><table class="result"><tr class="param"><th>Parameter #1</th><th>Parameter #2</th><th>Parameter #3</th><th>Parameter #4</th></tr><tr class="param stripe"><td>1500000000000000000000000000000000000000000000000000000000000000000000000000000000000000000000000000000000000000000000000000000000000000000000000000000000000000000000000000000000000000000000000000000000000000000000000000000000000000000000000000000000000000000000000000000000000000000000000000000000000000000000000000000000000000000000000000000000000000000000000000000000000000000000000000000000000000000000000000000000000000000000000000000000000000000000000000000000000000000000000000000000000000000000000000000000000000000000000000000000000000000000000000000000000000000000</td><td>9.5</td><td>1</td><td>NaN</td></tr><tr><th colspan="4">Exception</th></tr><tr><td colspan="4"><div class="stacktrace">java.lang.AssertionError: expected [NaN] but found [0]
	at com.cdchackathon.pages.CarLoan.getEmi(CarLoan.java:64)
	at com.cdchackathon.testcase.formfields.FormFieldTest.clickLoanPage(FormFieldTest.java:39)
	at java.base/java.util.ArrayList.forEach(ArrayList.java:1540)
... Removed 32 stack frames</div></td></tr></table><p class="totop"><a href="#summary">back to summary</a></p>
<h3 id="m10">com.cdchackathon.testcase.formfields.FormFieldTest#clickLoanPage</h3><table class="result"><tr class="param"><th>Parameter #1</th><th>Parameter #2</th><th>Parameter #3</th><th>Parameter #4</th></tr><tr class="param stripe"><td>1500000</td><td>9.5</td><td>#$%#$%#$%@#$2@#$@#$@#$D{}{:}:&quot;:&quot;:}::&quot;:&quot;:#&quot;&quot;:&quot;;</td><td>68872</td></tr><tr><th colspan="4">Exception</th></tr><tr><td colspan="4"><div class="stacktrace">java.lang.AssertionError: expected [68872] but found [131525]
	at com.cdchackathon.pages.CarLoan.getEmi(CarLoan.java:64)
	at com.cdchackathon.testcase.formfields.FormFieldTest.clickLoanPage(FormFieldTest.java:39)
	at java.base/java.util.ArrayList.forEach(ArrayList.java:1540)
... Removed 32 stack frames</div></td></tr></table><p class="totop"><a href="#summary">back to summary</a></p>
<h3 id="m11">com.cdchackathon.testcase.formfields.FormFieldTest#clickLoanPage</h3><table class="result"><tr class="param"><th>Parameter #1</th><th>Parameter #2</th><th>Parameter #3</th><th>Parameter #4</th></tr><tr class="param stripe"><td>1500000</td><td>#$%#$%#$%@#$2@#$@#$@#$D{}{:}:&quot;:&quot;:}::&quot;:&quot;:#&quot;&quot;:&quot;;</td><td>1</td><td>126358</td></tr><tr><th colspan="4">Exception</th></tr><tr><td colspan="4"><div class="stacktrace">java.lang.AssertionError: expected [126358] but found [421194462779]
	at com.cdchackathon.pages.CarLoan.getEmi(CarLoan.java:64)
	at com.cdchackathon.testcase.formfields.FormFieldTest.clickLoanPage(FormFieldTest.java:39)
	at java.base/java.util.ArrayList.forEach(ArrayList.java:1540)
... Removed 32 stack frames</div></td></tr></table><p class="totop"><a href="#summary">back to summary</a></p>
<h3 id="m12">com.cdchackathon.testcase.formfields.FormFieldTest#clickLoanPage</h3><table class="result"><tr class="param"><th>Parameter #1</th><th>Parameter #2</th><th>Parameter #3</th><th>Parameter #4</th></tr><tr class="param stripe"><td>1500000</td><td>9.5</td><td>{}:&quot;}{:@$@#$@#SGSDGSD#$%#$%#$%@#$@#$@#$@#$D{}{:}:&quot;:&quot;:}::&quot;:&quot;:#&quot;&quot;:&quot;;GSD32SFDGSFWEQWTY}:&lt;&lt;?}|{:</td><td>12479</td></tr><tr><th colspan="4">Exception</th></tr><tr><td colspan="4"><div class="stacktrace">java.lang.AssertionError: expected [12479] but found [131525]
	at com.cdchackathon.pages.CarLoan.getEmi(CarLoan.java:64)
	at com.cdchackathon.testcase.formfields.FormFieldTest.clickLoanPage(FormFieldTest.java:39)
	at java.base/java.util.ArrayList.forEach(ArrayList.java:1540)
... Removed 32 stack frames</div></td></tr></table><p class="totop"><a href="#summary">back to summary</a></p>
<h3 id="m13">com.cdchackathon.testcase.formfields.FormFieldTest#clickLoanPage</h3><table class="result"><tr class="param"><th>Parameter #1</th><th>Parameter #2</th><th>Parameter #3</th><th>Parameter #4</th></tr><tr class="param stripe"><td>1500000</td><td>9.5</td><td>1</td><td>131525</td></tr><tr><th colspan="4">Exception</th></tr><tr><td colspan="4"><div class="stacktrace">java.lang.AssertionError: expected [131525] but found [NaN]
	at com.cdchackathon.pages.CarLoan.getEmi(CarLoan.java:64)
	at com.cdchackathon.testcase.formfields.FormFieldTest.clickLoanPage(FormFieldTest.java:39)
	at java.base/java.util.ArrayList.forEach(ArrayList.java:1540)
... Removed 32 stack frames</div></td></tr></table><p class="totop"><a href="#summary">back to summary</a></p>
<h3 id="m14">com.cdchackathon.testcase.formfields.FormFieldTest#clickLoanPage</h3><table class="result"><tr class="param"><th>Parameter #1</th><th>Parameter #2</th><th>Parameter #3</th><th>Parameter #4</th></tr><tr class="param stripe"><td>1500000</td><td>Infinity</td><td>1</td><td>128411</td></tr></table><p class="totop"><a href="#summary">back to summary</a></p>
<h3 id="m15">com.cdchackathon.testcase.formfields.FormFieldTest#clickLoanPage</h3><table class="result"><tr class="param"><th>Parameter #1</th><th>Parameter #2</th><th>Parameter #3</th><th>Parameter #4</th></tr><tr class="param stripe"><td>1500000</td><td>dfkhsdkjfh dsfu3hsdkjfhsdlhfkerhherkth1erkht</td><td>1</td><td>146970</td></tr></table><p class="totop"><a href="#summary">back to summary</a></p>
<h3 id="m16">com.cdchackathon.testcase.formfields.FormFieldTest#clickLoanPage</h3><table class="result"><tr class="param"><th>Parameter #1</th><th>Parameter #2</th><th>Parameter #3</th><th>Parameter #4</th></tr><tr class="param stripe"><td>1500000</td><td>150000000000000000000000000000000000000000000000000000000000000000000000000000000000000000000000000000000000000000000000000000000000000000000000000000000000000000000000000000000000000000000000000000000000000000000000000000000000000000000000000000000000000000000000000000000000000000000000000000000000000000000000000000000000000000000000000000000000000000000000000000000000000000000000000000000000000000000000000000000000000000000000000000000000000000000000000000000000000000000000000000000000000000000000000000000000000000000000000000000000000000000000000000000000000000000000000000000000000000000000000000000000000000000000000000000000000000000000000000000000000000000000000000000000000000000000000000000000000000000000000000000000000000000000000000000000000000000000000000000000000000000000000000000000000000000000000000000000000000000000000000000000000000000000000000000000000000000000000000000000000000000000000000000000000000000000000000000000000000000000000000000000000000000000000000000000000000000000000000000000000000000000000000000000000000000000000000000000000000000000000000000000000000000000000000000000000000000000000000000000000000000000000000000000000000000000000000000000000000000000000000000000000000000000000000000000000000000000000000000000000000000000000000000000000000000000000000000000000000000000000000000000000000000000000000000000000000000000000000000000000000000000000000000000000000000000000000000000000000000000000000000000000000000000000000000000000000000000000000000000000000000000000000000000000000000000000000000000000000000000000000000000000000000000000000000000000000000000000000000000000000000000000000000000000000000000000000000000000000000000000000000000000000000000000000000000000000000000000000000000000000000000000000000000000000000000000000000000000000</td><td>1</td><td>NaN</td></tr></table><p class="totop"><a href="#summary">back to summary</a></p>
<h3 id="m17">com.cdchackathon.testcase.formfields.FormFieldTest#clickLoanPage</h3><table class="result"><tr class="param"><th>Parameter #1</th><th>Parameter #2</th><th>Parameter #3</th><th>Parameter #4</th></tr><tr class="param stripe"><td>sdfhkdsfh dsfjhdfkhsdkf i1212sdfsdfsdg2fd3gdfasdfg1312jhskdfhsjkdhfkjjshdhfkjjsdhfkj</td><td>9.5</td><td>1</td><td>106292699</td></tr></table><p class="totop"><a href="#summary">back to summary</a></p>
<h3 id="m18">com.cdchackathon.testcase.formfields.FormFieldTest#clickLoanPage</h3><table class="result"><tr class="param"><th>Parameter #1</th><th>Parameter #2</th><th>Parameter #3</th><th>Parameter #4</th></tr><tr class="param stripe"><td>dfhkjdasfksdgfkjsdgakfgsdkfgdskgfgkasdhfkdsgfkjKDHFKSDHFKDSFJKDSHFKDSJFHKJDDHFLA:AWIOPRUEIYTWTBVDSBKGDQOWRNDADNFL</td><td>9.5</td><td>1</td><td>0</td></tr></table><p class="totop"><a href="#summary">back to summary</a></p>
<h3 id="m19">com.cdchackathon.testcase.formfields.FormFieldTest#clickLoanPage</h3><table class="result"><tr class="param"><th>Parameter #1</th><th>Parameter #2</th><th>Parameter #3</th><th>Parameter #4</th></tr><tr class="param stripe"><td>15sdf,00@@#:&quot;&gt;,000@W#</td><td>9.5</td><td>1</td><td>131525</td></tr></table><p class="totop"><a href="#summary">back to summary</a></p>
<h3 id="m20">com.cdchackathon.testcase.formfields.FormFieldTest#clickLoanPage</h3><table class="result"><tr class="param"><th>Parameter #1</th><th>Parameter #2</th><th>Parameter #3</th><th>Parameter #4</th></tr><tr class="param stripe"><td>1500000</td><td>sdkjfhsdjkhfwehrwkjehtjksdgjsdkhgjksdhflsdhflhdlfhdlfhldfksfhwle rxcn,z,l,zqpeoruwtumcb</td><td>1</td><td>128411</td></tr></table><p class="totop"><a href="#summary">back to summary</a></p>
<h3 id="m21">com.cdchackathon.testcase.formfields.FormFieldTest#clickLoanPage</h3><table class="result"><tr class="param"><th>Parameter #1</th><th>Parameter #2</th><th>Parameter #3</th><th>Parameter #4</th></tr><tr class="param stripe"><td>1500000</td><td>{}:&quot;}{:@$@#$@#SGSDGSD#$%#$%#$%@#$@#$@#$@#$D{}{:}:&quot;:&quot;:}::&quot;:&quot;:#&quot;&quot;:&quot;;GSD32SFDGSFWEQWTY}:&lt;&lt;?}|{:</td><td>1</td><td>147710</td></tr></table><p class="totop"><a href="#summary">back to summary</a></p>
</body>
</html>
