<?xml version="1.0" encoding="UTF-8"?>
<!-- Generated by org.testng.reporters.JUnitXMLReporter -->
<testsuite ignored="0" hostname="jai" failures="1" tests="1" name="CarLoanPage" time="11.673" errors="0" timestamp="2020-07-07T10:44:31 IST">
  <testcase classname="com.cdchackathon.testcase.webpage.CarLoanPageTest" name="clickLoanPage" time="3.398">
    <failure type="java.lang.AssertionError" message="expected [131525] but found [438418]">
      <![CDATA[java.lang.AssertionError: expected [131525] but found [438418]
at com.cdchackathon.pages.CarLoan.getEmi(CarLoan.java:64)
at com.cdchackathon.testcase.webpage.CarLoanPageTest.clickLoanPage(CarLoanPageTest.java:39)
at java.base/java.util.ArrayList.forEach(ArrayList.java:1540)
... Removed 32 stack frames]]>
    </failure>
  </testcase> <!-- clickLoanPage -->
</testsuite> <!-- CarLoanPage -->
