<?xml version="1.0" encoding="UTF-8"?>
<!-- Generated by org.testng.reporters.JUnitXMLReporter -->
<testsuite ignored="0" hostname="jai" failures="10" tests="18" name="FormField" time="265.704" errors="0" timestamp="2020-07-07T10:48:56 IST">
  <testcase classname="com.cdchackathon.testcase.formfields.FormFieldTest" name="clickLoanPage" time="2.265">
    <failure type="java.lang.AssertionError" message="expected [131525] but found [NaN]">
      <![CDATA[java.lang.AssertionError: expected [131525] but found [NaN]
at com.cdchackathon.pages.CarLoan.getEmi(CarLoan.java:64)
at com.cdchackathon.testcase.formfields.FormFieldTest.clickLoanPage(FormFieldTest.java:39)
at java.base/java.util.ArrayList.forEach(ArrayList.java:1540)
... Removed 32 stack frames]]>
    </failure>
  </testcase> <!-- clickLoanPage -->
  <testcase classname="com.cdchackathon.testcase.formfields.FormFieldTest" name="clickLoanPage" time="4.589"/>
  <testcase classname="com.cdchackathon.testcase.formfields.FormFieldTest" name="clickLoanPage" time="4.495">
    <failure type="java.lang.AssertionError" message="expected [30] but found [43841786]">
      <![CDATA[java.lang.AssertionError: expected [30] but found [43841786]
at com.cdchackathon.pages.CarLoan.getEmi(CarLoan.java:64)
at com.cdchackathon.testcase.formfields.FormFieldTest.clickLoanPage(FormFieldTest.java:39)
at java.base/java.util.ArrayList.forEach(ArrayList.java:1540)
... Removed 32 stack frames]]>
    </failure>
  </testcase> <!-- clickLoanPage -->
  <testcase classname="com.cdchackathon.testcase.formfields.FormFieldTest" name="clickLoanPage" time="4.047"/>
  <testcase classname="com.cdchackathon.testcase.formfields.FormFieldTest" name="clickLoanPage" time="3.728"/>
  <testcase classname="com.cdchackathon.testcase.formfields.FormFieldTest" name="clickLoanPage" time="4.05">
    <failure type="java.lang.AssertionError" message="expected [0] but found [438418]">
      <![CDATA[java.lang.AssertionError: expected [0] but found [438418]
at com.cdchackathon.pages.CarLoan.getEmi(CarLoan.java:64)
at com.cdchackathon.testcase.formfields.FormFieldTest.clickLoanPage(FormFieldTest.java:39)
at java.base/java.util.ArrayList.forEach(ArrayList.java:1540)
... Removed 32 stack frames]]>
    </failure>
  </testcase> <!-- clickLoanPage -->
  <testcase classname="com.cdchackathon.testcase.formfields.FormFieldTest" name="clickLoanPage" time="7.248">
    <failure type="java.lang.AssertionError" message="expected [NaN] but found [0]">
      <![CDATA[java.lang.AssertionError: expected [NaN] but found [0]
at com.cdchackathon.pages.CarLoan.getEmi(CarLoan.java:64)
at com.cdchackathon.testcase.formfields.FormFieldTest.clickLoanPage(FormFieldTest.java:39)
at java.base/java.util.ArrayList.forEach(ArrayList.java:1540)
... Removed 32 stack frames]]>
    </failure>
  </testcase> <!-- clickLoanPage -->
  <testcase classname="com.cdchackathon.testcase.formfields.FormFieldTest" name="clickLoanPage" time="3.372"/>
  <testcase classname="com.cdchackathon.testcase.formfields.FormFieldTest" name="clickLoanPage" time="4.312">
    <failure type="java.lang.AssertionError" message="expected [126358] but found [421194462779]">
      <![CDATA[java.lang.AssertionError: expected [126358] but found [421194462779]
at com.cdchackathon.pages.CarLoan.getEmi(CarLoan.java:64)
at com.cdchackathon.testcase.formfields.FormFieldTest.clickLoanPage(FormFieldTest.java:39)
at java.base/java.util.ArrayList.forEach(ArrayList.java:1540)
... Removed 32 stack frames]]>
    </failure>
  </testcase> <!-- clickLoanPage -->
  <testcase classname="com.cdchackathon.testcase.formfields.FormFieldTest" name="clickLoanPage" time="4.634"/>
  <testcase classname="com.cdchackathon.testcase.formfields.FormFieldTest" name="clickLoanPage" time="3.532"/>
  <testcase classname="com.cdchackathon.testcase.formfields.FormFieldTest" name="clickLoanPage" time="3.743"/>
  <testcase classname="com.cdchackathon.testcase.formfields.FormFieldTest" name="clickLoanPage" time="16.84"/>
  <testcase classname="com.cdchackathon.testcase.formfields.FormFieldTest" name="clickLoanPage" time="3.885">
    <failure type="java.lang.AssertionError" message="expected [12542] but found [4384175720225]">
      <![CDATA[java.lang.AssertionError: expected [12542] but found [4384175720225]
at com.cdchackathon.pages.CarLoan.getEmi(CarLoan.java:64)
at com.cdchackathon.testcase.formfields.FormFieldTest.clickLoanPage(FormFieldTest.java:39)
at java.base/java.util.ArrayList.forEach(ArrayList.java:1540)
... Removed 32 stack frames]]>
    </failure>
  </testcase> <!-- clickLoanPage -->
  <testcase classname="com.cdchackathon.testcase.formfields.FormFieldTest" name="clickLoanPage" time="3.986">
    <failure type="java.lang.AssertionError" message="expected [68872] but found [131525]">
      <![CDATA[java.lang.AssertionError: expected [68872] but found [131525]
at com.cdchackathon.pages.CarLoan.getEmi(CarLoan.java:64)
at com.cdchackathon.testcase.formfields.FormFieldTest.clickLoanPage(FormFieldTest.java:39)
at java.base/java.util.ArrayList.forEach(ArrayList.java:1540)
... Removed 32 stack frames]]>
    </failure>
  </testcase> <!-- clickLoanPage -->
  <testcase classname="com.cdchackathon.testcase.formfields.FormFieldTest" name="clickLoanPage" time="4.597">
    <failure type="java.lang.AssertionError" message="expected [12479] but found [131525]">
      <![CDATA[java.lang.AssertionError: expected [12479] but found [131525]
at com.cdchackathon.pages.CarLoan.getEmi(CarLoan.java:64)
at com.cdchackathon.testcase.formfields.FormFieldTest.clickLoanPage(FormFieldTest.java:39)
at java.base/java.util.ArrayList.forEach(ArrayList.java:1540)
... Removed 32 stack frames]]>
    </failure>
  </testcase> <!-- clickLoanPage -->
  <testcase classname="com.cdchackathon.testcase.formfields.FormFieldTest" name="clickLoanPage" time="4.477">
    <failure type="java.lang.AssertionError" message="expected [131525] but found [43841756]">
      <![CDATA[java.lang.AssertionError: expected [131525] but found [43841756]
at com.cdchackathon.pages.CarLoan.getEmi(CarLoan.java:64)
at com.cdchackathon.testcase.formfields.FormFieldTest.clickLoanPage(FormFieldTest.java:39)
at java.base/java.util.ArrayList.forEach(ArrayList.java:1540)
... Removed 31 stack frames]]>
    </failure>
  </testcase> <!-- clickLoanPage -->
  <testcase classname="com.cdchackathon.testcase.formfields.FormFieldTest" name="clickLoanPage" time="30.72">
    <failure type="java.lang.AssertionError" message="expected [131525] but found [43750]">
      <![CDATA[java.lang.AssertionError: expected [131525] but found [43750]
at com.cdchackathon.pages.CarLoan.getEmi(CarLoan.java:64)
at com.cdchackathon.testcase.formfields.FormFieldTest.clickLoanPage(FormFieldTest.java:39)
at java.base/java.util.ArrayList.forEach(ArrayList.java:1540)
... Removed 31 stack frames]]>
    </failure>
  </testcase> <!-- clickLoanPage -->
</testsuite> <!-- FormField -->
