<?xml version="1.0" encoding="UTF-8"?>
<!-- Generated by org.testng.reporters.JUnitXMLReporter -->
<testsuite ignored="0" hostname="jai" failures="0" tests="20" name="Surefire test" time="2.822" errors="0" timestamp="2020-07-05T17:24:58 IST">
  <testcase classname="com.cdchackathon.testcase.formfields.FormFieldTest" name="@BeforeMethod setUp" time="1.158">
    <failure type="org.openqa.selenium.WebDriverException" message="unknown error: Chrome failed to start: exited abnormally.
  (unknown error: DevToolsActivePort file doesn&amp;apos;t exist)
  (The process started from chrome location /usr/bin/google-chrome is no longer running, so ChromeDriver is assuming that Chrome has crashed.)
Build info: version: &amp;apos;3.141.59&amp;apos;, revision: &amp;apos;e82be7d358&amp;apos;, time: &amp;apos;2018-11-14T08:17:03&amp;apos;
System info: host: &amp;apos;jai&amp;apos;, ip: &amp;apos;127.0.1.1&amp;apos;, os.name: &amp;apos;Linux&amp;apos;, os.arch: &amp;apos;amd64&amp;apos;, os.version: &amp;apos;5.3.0-62-generic&amp;apos;, java.version: &amp;apos;11.0.7&amp;apos;
Driver info: driver.version: ChromeDriver
remote stacktrace: #0 0x561eb49e5579 &amp;lt;unknown&amp;gt;
">
      <![CDATA[org.openqa.selenium.WebDriverException: unknown error: Chrome failed to start: exited abnormally.
  (unknown error: DevToolsActivePort file doesn't exist)
  (The process started from chrome location /usr/bin/google-chrome is no longer running, so ChromeDriver is assuming that Chrome has crashed.)
Build info: version: '3.141.59', revision: 'e82be7d358', time: '2018-11-14T08:17:03'
System info: host: 'jai', ip: '127.0.1.1', os.name: 'Linux', os.arch: 'amd64', os.version: '5.3.0-62-generic', java.version: '11.0.7'
Driver info: driver.version: ChromeDriver
remote stacktrace: #0 0x561eb49e5579 <unknown>

at org.openqa.selenium.remote.W3CHandshakeResponse.lambda$errorHandler$0(W3CHandshakeResponse.java:62)
at org.openqa.selenium.remote.HandshakeResponse.lambda$getResponseFunction$0(HandshakeResponse.java:30)
at org.openqa.selenium.remote.ProtocolHandshake.lambda$createSession$0(ProtocolHandshake.java:126)
at java.base/java.util.stream.ReferencePipeline$3$1.accept(ReferencePipeline.java:195)
at java.base/java.util.Spliterators$ArraySpliterator.tryAdvance(Spliterators.java:958)
at java.base/java.util.stream.ReferencePipeline.forEachWithCancel(ReferencePipeline.java:127)
at java.base/java.util.stream.AbstractPipeline.copyIntoWithCancel(AbstractPipeline.java:502)
at java.base/java.util.stream.AbstractPipeline.copyInto(AbstractPipeline.java:488)
at java.base/java.util.stream.AbstractPipeline.wrapAndCopyInto(AbstractPipeline.java:474)
at java.base/java.util.stream.FindOps$FindOp.evaluateSequential(FindOps.java:150)
at java.base/java.util.stream.AbstractPipeline.evaluate(AbstractPipeline.java:234)
at java.base/java.util.stream.ReferencePipeline.findFirst(ReferencePipeline.java:543)
at org.openqa.selenium.remote.ProtocolHandshake.createSession(ProtocolHandshake.java:128)
at org.openqa.selenium.remote.ProtocolHandshake.createSession(ProtocolHandshake.java:74)
at org.openqa.selenium.remote.HttpCommandExecutor.execute(HttpCommandExecutor.java:136)
at org.openqa.selenium.remote.service.DriverCommandExecutor.execute(DriverCommandExecutor.java:83)
at org.openqa.selenium.remote.RemoteWebDriver.execute(RemoteWebDriver.java:552)
at org.openqa.selenium.remote.RemoteWebDriver.startSession(RemoteWebDriver.java:213)
at org.openqa.selenium.remote.RemoteWebDriver.<init>(RemoteWebDriver.java:131)
at org.openqa.selenium.chrome.ChromeDriver.<init>(ChromeDriver.java:181)
at org.openqa.selenium.chrome.ChromeDriver.<init>(ChromeDriver.java:168)
at org.openqa.selenium.chrome.ChromeDriver.<init>(ChromeDriver.java:123)
at com.cdchackathon.base.TestBase.initialization(TestBase.java:47)
at com.cdchackathon.testcase.formfields.FormFieldTest.setUp(FormFieldTest.java:24)
at java.base/java.util.ArrayList.forEach(ArrayList.java:1540)
... Removed 40 stack frames]]>
    </failure>
  </testcase> <!-- @BeforeMethod setUp -->
  <testcase classname="com.cdchackathon.testcase.formfields.FormFieldTest" name="@AfterMethod tearDown" time="-1.593950097697E9">
    <skipped/>
  </testcase> <!-- @AfterMethod tearDown -->
  <testcase classname="com.cdchackathon.testcase.formfields.FormFieldTest" name="@BeforeMethod setUp" time="-1.593950097698E9">
    <skipped/>
  </testcase> <!-- @BeforeMethod setUp -->
  <testcase classname="com.cdchackathon.testcase.formfields.FormFieldTest" name="@AfterMethod tearDown" time="-1.5939500977E9">
    <skipped/>
  </testcase> <!-- @AfterMethod tearDown -->
  <testcase classname="com.cdchackathon.testcase.formfields.FormFieldTest" name="@BeforeMethod setUp" time="-1.593950097701E9">
    <skipped/>
  </testcase> <!-- @BeforeMethod setUp -->
  <testcase classname="com.cdchackathon.testcase.formfields.FormFieldTest" name="@AfterMethod tearDown" time="-1.593950097702E9">
    <skipped/>
  </testcase> <!-- @AfterMethod tearDown -->
  <testcase classname="com.cdchackathon.testcase.formfields.FormFieldTest" name="@BeforeMethod setUp" time="-1.593950097703E9">
    <skipped/>
  </testcase> <!-- @BeforeMethod setUp -->
  <testcase classname="com.cdchackathon.testcase.formfields.FormFieldTest" name="@AfterMethod tearDown" time="-1.593950097706E9">
    <skipped/>
  </testcase> <!-- @AfterMethod tearDown -->
  <testcase classname="com.cdchackathon.testcase.formfields.FormFieldTest" name="@BeforeMethod setUp" time="-1.593950097707E9">
    <skipped/>
  </testcase> <!-- @BeforeMethod setUp -->
  <testcase classname="com.cdchackathon.testcase.formfields.FormFieldTest" name="@AfterMethod tearDown" time="-1.593950097711E9">
    <skipped/>
  </testcase> <!-- @AfterMethod tearDown -->
  <testcase classname="com.cdchackathon.testcase.formfields.FormFieldTest" name="@BeforeMethod setUp" time="-1.593950097712E9">
    <skipped/>
  </testcase> <!-- @BeforeMethod setUp -->
  <testcase classname="com.cdchackathon.testcase.formfields.FormFieldTest" name="@AfterMethod tearDown" time="-1.593950097714E9">
    <skipped/>
  </testcase> <!-- @AfterMethod tearDown -->
  <testcase classname="com.cdchackathon.testcase.formfields.FormFieldTest" name="@BeforeMethod setUp" time="-1.593950097715E9">
    <skipped/>
  </testcase> <!-- @BeforeMethod setUp -->
  <testcase classname="com.cdchackathon.testcase.formfields.FormFieldTest" name="@AfterMethod tearDown" time="-1.593950097717E9">
    <skipped/>
  </testcase> <!-- @AfterMethod tearDown -->
  <testcase classname="com.cdchackathon.testcase.formfields.FormFieldTest" name="@BeforeMethod setUp" time="-1.593950097719E9">
    <skipped/>
  </testcase> <!-- @BeforeMethod setUp -->
  <testcase classname="com.cdchackathon.testcase.formfields.FormFieldTest" name="@AfterMethod tearDown" time="-1.593950097723E9">
    <skipped/>
  </testcase> <!-- @AfterMethod tearDown -->
  <testcase classname="com.cdchackathon.testcase.formfields.FormFieldTest" name="@BeforeMethod setUp" time="-1.593950097727E9">
    <skipped/>
  </testcase> <!-- @BeforeMethod setUp -->
  <testcase classname="com.cdchackathon.testcase.formfields.FormFieldTest" name="@AfterMethod tearDown" time="-1.593950097729E9">
    <skipped/>
  </testcase> <!-- @AfterMethod tearDown -->
  <testcase classname="com.cdchackathon.testcase.formfields.FormFieldTest" name="@BeforeMethod setUp" time="-1.593950097731E9">
    <skipped/>
  </testcase> <!-- @BeforeMethod setUp -->
  <testcase classname="com.cdchackathon.testcase.formfields.FormFieldTest" name="@AfterMethod tearDown" time="-1.593950097734E9">
    <skipped/>
  </testcase> <!-- @AfterMethod tearDown -->
  <testcase classname="com.cdchackathon.testcase.formfields.FormFieldTest" name="@BeforeMethod setUp" time="-1.593950097736E9">
    <skipped/>
  </testcase> <!-- @BeforeMethod setUp -->
  <testcase classname="com.cdchackathon.testcase.formfields.FormFieldTest" name="@AfterMethod tearDown" time="-1.593950097737E9">
    <skipped/>
  </testcase> <!-- @AfterMethod tearDown -->
  <testcase classname="com.cdchackathon.testcase.formfields.FormFieldTest" name="@BeforeMethod setUp" time="-1.593950097738E9">
    <skipped/>
  </testcase> <!-- @BeforeMethod setUp -->
  <testcase classname="com.cdchackathon.testcase.formfields.FormFieldTest" name="@AfterMethod tearDown" time="-1.593950097741E9">
    <skipped/>
  </testcase> <!-- @AfterMethod tearDown -->
  <testcase classname="com.cdchackathon.testcase.formfields.FormFieldTest" name="@BeforeMethod setUp" time="-1.593950097742E9">
    <skipped/>
  </testcase> <!-- @BeforeMethod setUp -->
  <testcase classname="com.cdchackathon.testcase.formfields.FormFieldTest" name="@AfterMethod tearDown" time="-1.593950097743E9">
    <skipped/>
  </testcase> <!-- @AfterMethod tearDown -->
  <testcase classname="com.cdchackathon.testcase.formfields.FormFieldTest" name="@BeforeMethod setUp" time="-1.593950097746E9">
    <skipped/>
  </testcase> <!-- @BeforeMethod setUp -->
  <testcase classname="com.cdchackathon.testcase.formfields.FormFieldTest" name="@AfterMethod tearDown" time="-1.593950097748E9">
    <skipped/>
  </testcase> <!-- @AfterMethod tearDown -->
  <testcase classname="com.cdchackathon.testcase.formfields.FormFieldTest" name="@BeforeMethod setUp" time="-1.593950097748E9">
    <skipped/>
  </testcase> <!-- @BeforeMethod setUp -->
  <testcase classname="com.cdchackathon.testcase.formfields.FormFieldTest" name="@AfterMethod tearDown" time="-1.59395009775E9">
    <skipped/>
  </testcase> <!-- @AfterMethod tearDown -->
  <testcase classname="com.cdchackathon.testcase.formfields.FormFieldTest" name="@BeforeMethod setUp" time="-1.59395009775E9">
    <skipped/>
  </testcase> <!-- @BeforeMethod setUp -->
  <testcase classname="com.cdchackathon.testcase.formfields.FormFieldTest" name="@AfterMethod tearDown" time="-1.593950097752E9">
    <skipped/>
  </testcase> <!-- @AfterMethod tearDown -->
  <testcase classname="com.cdchackathon.testcase.formfields.FormFieldTest" name="@BeforeMethod setUp" time="-1.593950097752E9">
    <skipped/>
  </testcase> <!-- @BeforeMethod setUp -->
  <testcase classname="com.cdchackathon.testcase.formfields.FormFieldTest" name="@AfterMethod tearDown" time="-1.593950097754E9">
    <skipped/>
  </testcase> <!-- @AfterMethod tearDown -->
  <testcase classname="com.cdchackathon.testcase.formfields.FormFieldTest" name="@BeforeMethod setUp" time="-1.593950097754E9">
    <skipped/>
  </testcase> <!-- @BeforeMethod setUp -->
  <testcase classname="com.cdchackathon.testcase.formfields.FormFieldTest" name="@AfterMethod tearDown" time="-1.593950097756E9">
    <skipped/>
  </testcase> <!-- @AfterMethod tearDown -->
  <testcase classname="com.cdchackathon.testcase.webpage.CarLoanPageTest" name="@BeforeMethod setUp" time="0.209">
    <failure type="org.openqa.selenium.WebDriverException" message="unknown error: Chrome failed to start: exited abnormally.
  (unknown error: DevToolsActivePort file doesn&amp;apos;t exist)
  (The process started from chrome location /usr/bin/google-chrome is no longer running, so ChromeDriver is assuming that Chrome has crashed.)
Build info: version: &amp;apos;3.141.59&amp;apos;, revision: &amp;apos;e82be7d358&amp;apos;, time: &amp;apos;2018-11-14T08:17:03&amp;apos;
System info: host: &amp;apos;jai&amp;apos;, ip: &amp;apos;127.0.1.1&amp;apos;, os.name: &amp;apos;Linux&amp;apos;, os.arch: &amp;apos;amd64&amp;apos;, os.version: &amp;apos;5.3.0-62-generic&amp;apos;, java.version: &amp;apos;11.0.7&amp;apos;
Driver info: driver.version: ChromeDriver
remote stacktrace: #0 0x55a8865d2579 &amp;lt;unknown&amp;gt;
">
      <![CDATA[org.openqa.selenium.WebDriverException: unknown error: Chrome failed to start: exited abnormally.
  (unknown error: DevToolsActivePort file doesn't exist)
  (The process started from chrome location /usr/bin/google-chrome is no longer running, so ChromeDriver is assuming that Chrome has crashed.)
Build info: version: '3.141.59', revision: 'e82be7d358', time: '2018-11-14T08:17:03'
System info: host: 'jai', ip: '127.0.1.1', os.name: 'Linux', os.arch: 'amd64', os.version: '5.3.0-62-generic', java.version: '11.0.7'
Driver info: driver.version: ChromeDriver
remote stacktrace: #0 0x55a8865d2579 <unknown>

at org.openqa.selenium.remote.W3CHandshakeResponse.lambda$errorHandler$0(W3CHandshakeResponse.java:62)
at org.openqa.selenium.remote.HandshakeResponse.lambda$getResponseFunction$0(HandshakeResponse.java:30)
at org.openqa.selenium.remote.ProtocolHandshake.lambda$createSession$0(ProtocolHandshake.java:126)
at java.base/java.util.stream.ReferencePipeline$3$1.accept(ReferencePipeline.java:195)
at java.base/java.util.Spliterators$ArraySpliterator.tryAdvance(Spliterators.java:958)
at java.base/java.util.stream.ReferencePipeline.forEachWithCancel(ReferencePipeline.java:127)
at java.base/java.util.stream.AbstractPipeline.copyIntoWithCancel(AbstractPipeline.java:502)
at java.base/java.util.stream.AbstractPipeline.copyInto(AbstractPipeline.java:488)
at java.base/java.util.stream.AbstractPipeline.wrapAndCopyInto(AbstractPipeline.java:474)
at java.base/java.util.stream.FindOps$FindOp.evaluateSequential(FindOps.java:150)
at java.base/java.util.stream.AbstractPipeline.evaluate(AbstractPipeline.java:234)
at java.base/java.util.stream.ReferencePipeline.findFirst(ReferencePipeline.java:543)
at org.openqa.selenium.remote.ProtocolHandshake.createSession(ProtocolHandshake.java:128)
at org.openqa.selenium.remote.ProtocolHandshake.createSession(ProtocolHandshake.java:74)
at org.openqa.selenium.remote.HttpCommandExecutor.execute(HttpCommandExecutor.java:136)
at org.openqa.selenium.remote.service.DriverCommandExecutor.execute(DriverCommandExecutor.java:83)
at org.openqa.selenium.remote.RemoteWebDriver.execute(RemoteWebDriver.java:552)
at org.openqa.selenium.remote.RemoteWebDriver.startSession(RemoteWebDriver.java:213)
at org.openqa.selenium.remote.RemoteWebDriver.<init>(RemoteWebDriver.java:131)
at org.openqa.selenium.chrome.ChromeDriver.<init>(ChromeDriver.java:181)
at org.openqa.selenium.chrome.ChromeDriver.<init>(ChromeDriver.java:168)
at org.openqa.selenium.chrome.ChromeDriver.<init>(ChromeDriver.java:123)
at com.cdchackathon.base.TestBase.initialization(TestBase.java:47)
at com.cdchackathon.testcase.webpage.CarLoanPageTest.setUp(CarLoanPageTest.java:24)
at java.base/java.util.ArrayList.forEach(ArrayList.java:1540)
... Removed 40 stack frames]]>
    </failure>
  </testcase> <!-- @BeforeMethod setUp -->
  <testcase classname="com.cdchackathon.testcase.webpage.CarLoanPageTest" name="@AfterMethod tearDown" time="-1.593950098067E9">
    <skipped/>
  </testcase> <!-- @AfterMethod tearDown -->
  <testcase classname="com.cdchackathon.testcase.webpage.HomeLoanPageTest" name="@BeforeMethod setUp" time="0.296">
    <failure type="org.openqa.selenium.WebDriverException" message="unknown error: Chrome failed to start: exited abnormally.
  (unknown error: DevToolsActivePort file doesn&amp;apos;t exist)
  (The process started from chrome location /usr/bin/google-chrome is no longer running, so ChromeDriver is assuming that Chrome has crashed.)
Build info: version: &amp;apos;3.141.59&amp;apos;, revision: &amp;apos;e82be7d358&amp;apos;, time: &amp;apos;2018-11-14T08:17:03&amp;apos;
System info: host: &amp;apos;jai&amp;apos;, ip: &amp;apos;127.0.1.1&amp;apos;, os.name: &amp;apos;Linux&amp;apos;, os.arch: &amp;apos;amd64&amp;apos;, os.version: &amp;apos;5.3.0-62-generic&amp;apos;, java.version: &amp;apos;11.0.7&amp;apos;
Driver info: driver.version: ChromeDriver
remote stacktrace: #0 0x55a155947579 &amp;lt;unknown&amp;gt;
">
      <![CDATA[org.openqa.selenium.WebDriverException: unknown error: Chrome failed to start: exited abnormally.
  (unknown error: DevToolsActivePort file doesn't exist)
  (The process started from chrome location /usr/bin/google-chrome is no longer running, so ChromeDriver is assuming that Chrome has crashed.)
Build info: version: '3.141.59', revision: 'e82be7d358', time: '2018-11-14T08:17:03'
System info: host: 'jai', ip: '127.0.1.1', os.name: 'Linux', os.arch: 'amd64', os.version: '5.3.0-62-generic', java.version: '11.0.7'
Driver info: driver.version: ChromeDriver
remote stacktrace: #0 0x55a155947579 <unknown>

at org.openqa.selenium.remote.W3CHandshakeResponse.lambda$errorHandler$0(W3CHandshakeResponse.java:62)
at org.openqa.selenium.remote.HandshakeResponse.lambda$getResponseFunction$0(HandshakeResponse.java:30)
at org.openqa.selenium.remote.ProtocolHandshake.lambda$createSession$0(ProtocolHandshake.java:126)
at java.base/java.util.stream.ReferencePipeline$3$1.accept(ReferencePipeline.java:195)
at java.base/java.util.Spliterators$ArraySpliterator.tryAdvance(Spliterators.java:958)
at java.base/java.util.stream.ReferencePipeline.forEachWithCancel(ReferencePipeline.java:127)
at java.base/java.util.stream.AbstractPipeline.copyIntoWithCancel(AbstractPipeline.java:502)
at java.base/java.util.stream.AbstractPipeline.copyInto(AbstractPipeline.java:488)
at java.base/java.util.stream.AbstractPipeline.wrapAndCopyInto(AbstractPipeline.java:474)
at java.base/java.util.stream.FindOps$FindOp.evaluateSequential(FindOps.java:150)
at java.base/java.util.stream.AbstractPipeline.evaluate(AbstractPipeline.java:234)
at java.base/java.util.stream.ReferencePipeline.findFirst(ReferencePipeline.java:543)
at org.openqa.selenium.remote.ProtocolHandshake.createSession(ProtocolHandshake.java:128)
at org.openqa.selenium.remote.ProtocolHandshake.createSession(ProtocolHandshake.java:74)
at org.openqa.selenium.remote.HttpCommandExecutor.execute(HttpCommandExecutor.java:136)
at org.openqa.selenium.remote.service.DriverCommandExecutor.execute(DriverCommandExecutor.java:83)
at org.openqa.selenium.remote.RemoteWebDriver.execute(RemoteWebDriver.java:552)
at org.openqa.selenium.remote.RemoteWebDriver.startSession(RemoteWebDriver.java:213)
at org.openqa.selenium.remote.RemoteWebDriver.<init>(RemoteWebDriver.java:131)
at org.openqa.selenium.chrome.ChromeDriver.<init>(ChromeDriver.java:181)
at org.openqa.selenium.chrome.ChromeDriver.<init>(ChromeDriver.java:168)
at org.openqa.selenium.chrome.ChromeDriver.<init>(ChromeDriver.java:123)
at com.cdchackathon.base.TestBase.initialization(TestBase.java:47)
at com.cdchackathon.testcase.webpage.HomeLoanPageTest.setUp(HomeLoanPageTest.java:22)
at java.base/java.util.ArrayList.forEach(ArrayList.java:1540)
... Removed 40 stack frames]]>
    </failure>
  </testcase> <!-- @BeforeMethod setUp -->
  <testcase classname="com.cdchackathon.testcase.webpage.HomeLoanPageTest" name="@AfterMethod tearDown" time="-1.593950098376E9">
    <skipped/>
  </testcase> <!-- @AfterMethod tearDown -->
  <testcase classname="com.cdchackathon.testcase.formfields.FormFieldTest" name="clickLoanPage" time="0.0">
    <skipped/>
  </testcase> <!-- clickLoanPage -->
  <testcase classname="com.cdchackathon.testcase.formfields.FormFieldTest" name="clickLoanPage" time="0.0">
    <skipped/>
  </testcase> <!-- clickLoanPage -->
  <testcase classname="com.cdchackathon.testcase.formfields.FormFieldTest" name="clickLoanPage" time="0.0">
    <skipped/>
  </testcase> <!-- clickLoanPage -->
  <testcase classname="com.cdchackathon.testcase.formfields.FormFieldTest" name="clickLoanPage" time="0.0">
    <skipped/>
  </testcase> <!-- clickLoanPage -->
  <testcase classname="com.cdchackathon.testcase.formfields.FormFieldTest" name="clickLoanPage" time="0.0">
    <skipped/>
  </testcase> <!-- clickLoanPage -->
  <testcase classname="com.cdchackathon.testcase.formfields.FormFieldTest" name="clickLoanPage" time="0.0">
    <skipped/>
  </testcase> <!-- clickLoanPage -->
  <testcase classname="com.cdchackathon.testcase.formfields.FormFieldTest" name="clickLoanPage" time="0.0">
    <skipped/>
  </testcase> <!-- clickLoanPage -->
  <testcase classname="com.cdchackathon.testcase.formfields.FormFieldTest" name="clickLoanPage" time="0.0">
    <skipped/>
  </testcase> <!-- clickLoanPage -->
  <testcase classname="com.cdchackathon.testcase.formfields.FormFieldTest" name="clickLoanPage" time="0.0">
    <skipped/>
  </testcase> <!-- clickLoanPage -->
  <testcase classname="com.cdchackathon.testcase.formfields.FormFieldTest" name="clickLoanPage" time="0.0">
    <skipped/>
  </testcase> <!-- clickLoanPage -->
  <testcase classname="com.cdchackathon.testcase.formfields.FormFieldTest" name="clickLoanPage" time="0.0">
    <skipped/>
  </testcase> <!-- clickLoanPage -->
  <testcase classname="com.cdchackathon.testcase.formfields.FormFieldTest" name="clickLoanPage" time="0.0">
    <skipped/>
  </testcase> <!-- clickLoanPage -->
  <testcase classname="com.cdchackathon.testcase.formfields.FormFieldTest" name="clickLoanPage" time="0.0">
    <skipped/>
  </testcase> <!-- clickLoanPage -->
  <testcase classname="com.cdchackathon.testcase.formfields.FormFieldTest" name="clickLoanPage" time="0.0">
    <skipped/>
  </testcase> <!-- clickLoanPage -->
  <testcase classname="com.cdchackathon.testcase.formfields.FormFieldTest" name="clickLoanPage" time="0.0">
    <skipped/>
  </testcase> <!-- clickLoanPage -->
  <testcase classname="com.cdchackathon.testcase.formfields.FormFieldTest" name="clickLoanPage" time="0.0">
    <skipped/>
  </testcase> <!-- clickLoanPage -->
  <testcase classname="com.cdchackathon.testcase.formfields.FormFieldTest" name="clickLoanPage" time="0.0">
    <skipped/>
  </testcase> <!-- clickLoanPage -->
  <testcase classname="com.cdchackathon.testcase.formfields.FormFieldTest" name="clickLoanPage" time="0.0">
    <skipped/>
  </testcase> <!-- clickLoanPage -->
  <testcase classname="com.cdchackathon.testcase.webpage.CarLoanPageTest" name="clickLoanPage" time="0.0">
    <skipped/>
  </testcase> <!-- clickLoanPage -->
  <testcase classname="com.cdchackathon.testcase.webpage.HomeLoanPageTest" name="getTitle" time="0.0">
    <skipped/>
  </testcase> <!-- getTitle -->
</testsuite> <!-- Surefire test -->
